timestamp: 2021-01-11 10:25:52 JST
tap: a-know/tap
tap: homebrew/bundle
tap: homebrew/cask
tap: homebrew/cask-fonts
tap: homebrew/cask-versions
tap: homebrew/core
tap: jesseduffield/lazygit
tap: nektos/tap
tap: osx-cross/avr
tap: px4/px4
tap: skanehira/docui
tap: universal-ctags/universal-ctags
brew: a-know/tap/pi
brew: automake
brew: avrdude
brew: bat
brew: binutils
brew: cask
brew: clisp
brew: cmake
brew: coreutils
brew: deno
brew: dfu-programmer
brew: dfu-util
brew: diff-so-fancy
brew: diffutils
brew: ed
brew: expect
brew: findutils
brew: fzf
brew: gawk
brew: ghq
brew: git
brew: glow
brew: gnu-tar
brew: grep
brew: gron
brew: gzip
brew: highlight
brew: jesseduffield/lazygit/lazygit
brew: jq
brew: llvm
brew: mas
brew: nano
brew: nektos/tap/act
brew: neovim
brew: ninja
brew: nnn
brew: nodebrew
brew: osx-cross/avr/avr-gcc@7
brew: px4/px4/gcc-arm-none-eabi
brew: python@3.8
brew: re2c
brew: ripgrep
brew: rust
brew: sbcl
brew: shellcheck
brew: skanehira/docui/docui
brew: sl
brew: starship
brew: the_platinum_searcher
brew: tig
brew: tldr
brew: tmux
brew: tree
brew: universal-ctags/universal-ctags/universal-ctags
brew: unzip
brew: vim
brew: w3m
brew: wdiff
brew: webp
brew: wget
brew: yarn
brew: zsh
brew: zsh-completions
cask: ableton-live-lite
cask: abricotine
cask: alfred
cask: amazon-music
cask: appcleaner
cask: arduino
cask: authy
cask: betterzip
cask: bitwarden
cask: blackhole
cask: brave-browser
cask: cheatsheet
cask: dash
cask: day-o
cask: deepl
cask: docker
cask: dropbox
cask: duet
cask: dynalist
cask: evernote
cask: firefox
cask: flux
cask: font-roboto-mono-for-powerline
cask: font-roboto-mono-nerd-font
cask: gimp
cask: google-chrome
cask: google-japanese-ime
cask: hiddenbar
cask: iina
cask: inkscape
cask: iterm2
cask: kap
cask: karabiner-elements
cask: keycastr
cask: kindle
cask: licecap
cask: lmms
cask: lyrics-master
cask: modern-csv
cask: nautilus
cask: notion
cask: onepile
cask: openshot-video-editor
cask: pixel-picker
cask: processing
cask: provisionql
cask: qlcolorcode
cask: qlimagesize
cask: qlmarkdown
cask: qlstephen
cask: qlvideo
cask: quicklook-csv
cask: quicklook-json
cask: quicklookase
cask: racket
cask: rectangle
cask: scriptql
cask: shotcut
cask: slack
cask: soundcleod
cask: sourcetree
cask: stats
cask: steam
cask: stretchly
cask: sublime-text
cask: suspicious-package
cask: table-tool
cask: time-out
cask: virtualbox
cask: visual-studio-code
cask: vnote
cask: workflowy
cask: zappy
cask: zenbeats
cask: zoom
mas: 495511246 CLCL Lite (1.2)
mas: 1467796430 Plain Pasta (1.2.1)
mas: 1351639930 Gifski (2.12.0)
mas: 490461369 Bandwidth+ (1.18)
mas: 1348795218 TeraTime (1.0.3)
mas: 497799835 Xcode (12.3)
mas: 1450640351 Lightweight PDF (1.0.4)
mas: 1278508951 Trello (2.11.7)
mas: 1525795950 Git Streaks (1.0.2)
